Test #15: [ech"o" test]
1c1
< test
---
> minishell: cho test: command not found

Test #19: [echo \"'"a']
1c1
< ""a
---
> " a

Test #20: [echo "\"a"]
1c1
< "a
---
> \a

Test #23: [echo '' "''bonjour"""]
1c1
<  ''bonjour
---
>   " bonjour 

Test #24: [echo ''"''bonjour"'']
1c1
< ''bonjour
---
>  " bonjour''

Test #25: [echo \""''\"""bonjour"]
1c1
< "''"bonjour
---
> "  " bonjour

Test #26: [echo "a""b"]
1c1
< ab
---
> a b

Test #28: [echo "\\ "]
1c1
< \ 
---
> \\ 

Test #34: [echo "$?"]
1c1,2
< 0
---
> ptr: ?"0
> ?0

Test #51: [cd ../../../../../.. ; pwd]
1c1
< /
---
> /Users/besellem/Downloads/minishell

Test #52: [cd ; pwd]
1c1
< /Users/besellem
---
> /Users/besellem/Downloads/minishell

